<?xml version="1.0" encoding="UTF-8"?>
<testsuite name="ScrabbleTest" tests="6" skipped="0" failures="0" errors="0" timestamp="2016-04-19T17:27:16" hostname="epicodus-49.local" time="0.003">
  <properties/>
  <testcase name="scoreScrabble_returnScoreForFourPointLetter_1" classname="ScrabbleTest" time="0.001"/>
  <testcase name="scoreScrabble_returnScoreForThreePointLetter_1" classname="ScrabbleTest" time="0.0"/>
  <testcase name="scoreScrabble_returnScoreForOnePointLetter_1" classname="ScrabbleTest" time="0.0"/>
  <testcase name="scoreScrabble_returnScoreForEightPointLetter_1" classname="ScrabbleTest" time="0.0"/>
  <testcase name="scoreScrabble_returnScoreForTwoPointLetter_1" classname="ScrabbleTest" time="0.0"/>
  <testcase name="scoreScrabble_returnScoreForFivePointLetter_1" classname="ScrabbleTest" time="0.001"/>
  <system-out><![CDATA[f
b
a
j
d
k
]]></system-out>
  <system-err><![CDATA[]]></system-err>
</testsuite>
