<?xml version="1.0" encoding="UTF-8"?>
<testsuite name="ScrabbleTest" tests="2" skipped="0" failures="0" errors="0" timestamp="2016-04-19T17:09:57" hostname="epicodus-49.local" time="0.002">
  <properties/>
  <testcase name="scoreScrabble_returnScoreForOnePointLetter_1" classname="ScrabbleTest" time="0.002"/>
  <testcase name="scoreScrabble_returnScoreForTwoPointLetter_1" classname="ScrabbleTest" time="0.0"/>
  <system-out><![CDATA[a
d
]]></system-out>
  <system-err><![CDATA[]]></system-err>
</testsuite>
