<?xml version="1.0" encoding="UTF-8"?>
<testsuite name="ScrabbleTest" tests="1" skipped="0" failures="0" errors="0" timestamp="2016-04-19T18:09:37" hostname="epicodus-49.local" time="0.002">
  <properties/>
  <testcase name="scoreScrabble_returnScoreForWord_5" classname="ScrabbleTest" time="0.002"/>
  <system-out><![CDATA[c
a
t
5
]]></system-out>
  <system-err><![CDATA[]]></system-err>
</testsuite>
