<?xml version="1.0" encoding="UTF-8"?>
<testsuite name="ScrabbleTest" tests="1" skipped="0" failures="0" errors="0" timestamp="2016-04-19T17:04:55" hostname="epicodus-49.local" time="0.001">
  <properties/>
  <testcase name="scoreScrabble_returnScoreForOnePointLetter_1" classname="ScrabbleTest" time="0.001"/>
  <system-out><![CDATA[a
]]></system-out>
  <system-err><![CDATA[]]></system-err>
</testsuite>
