<?xml version="1.0" encoding="UTF-8"?>
<testsuite name="ScrabbleTest" tests="8" skipped="0" failures="0" errors="0" timestamp="2016-04-19T21:21:28" hostname="epicodus-49.local" time="0.003">
  <properties/>
  <testcase name="scoreScrabble_returnScoreForFourPointLetter_4" classname="ScrabbleTest" time="0.002"/>
  <testcase name="scoreScrabble_returnScoreForThreePointLetter_3" classname="ScrabbleTest" time="0.0"/>
  <testcase name="scoreScrabble_returnScoreForOnePointLetter_1" classname="ScrabbleTest" time="0.0"/>
  <testcase name="scoreScrabble_returnScoreForWord_5" classname="ScrabbleTest" time="0.0"/>
  <testcase name="scoreScrabble_returnScoreForEightPointLetter_8" classname="ScrabbleTest" time="0.0"/>
  <testcase name="scoreScrabble_returnScoreForTwoPointLetter_2" classname="ScrabbleTest" time="0.0"/>
  <testcase name="scoreScrabble_returnScoreForTenPointLetter_10" classname="ScrabbleTest" time="0.0"/>
  <testcase name="scoreScrabble_returnScoreForFivePointLetter_5" classname="ScrabbleTest" time="0.0"/>
  <system-out><![CDATA[f
4
b
3
a
1
c
a
t
5
j
8
d
2
q
10
k
5
]]></system-out>
  <system-err><![CDATA[]]></system-err>
</testsuite>
